
<!DOCTYPE html>
<html>


<head>
	<meta charset='utf-8' /> 
	<meta name='description' content='' />
	<meta name='robots' content='noodp, noydir' />
	<meta name='viewport' content='width=device-width, initial-scale=1' />
	<meta id="timeStampFormat" name="timeStampFormat" content='MMM d, yyyy hh:mm:ss a'/>
	
	<link href='https://fonts.googleapis.com/css?family=Source+Sans+Pro:400,600' rel='stylesheet' type='text/css'>
	<link href="https://fonts.googleapis.com/icon?family=Material+Icons" rel="stylesheet">

		<link href='https://cdn.rawgit.com/anshooarora/extentreports-java/b4a58fcfd1e137bd9287244035a7c80d3d73b3af/dist/css/extent.css' type='text/css' rel='stylesheet' />
	
	<title>ExtentReports</title>

	<style type='text/css'>
	</style>
</head>

	<body class='extent standard default hide-overflow bdd-report'>
		<div id='theme-selector' alt='Click to toggle theme. To enable by default, use theme configuration.' title='Click to toggle theme. To enable by default, use theme configuration.'>
			<span><i class='material-icons'>desktop_windows</i></span>
		</div>

<nav>
	<div class="nav-wrapper">
		<a href="#!" class="brand-logo blue darken-3">Extent</a>

		<!-- slideout menu -->
		<ul id='slide-out' class='side-nav fixed hide-on-med-and-down'>
			<li class='waves-effect active'><a href='#!' view='test-view' onclick="configureView(0);chartsView('test');"><i class='material-icons'>dashboard</i></a></li>
						<li class='waves-effect'><a href='#!' view='category-view' onclick="configureView(1)"><i class='material-icons'>label_outline</i></a></li>
			<li class='waves-effect'><a href='#!' view='exception-view' onclick="configureView(2)"><i class='material-icons'>bug_report</i></a></li>
			<li class='waves-effect'><a href='#!' onclick="configureView(-1);chartsView('dashboard');" view='dashboard-view'><i class='material-icons'>track_changes</i></i></a></li>
		</ul>

		<!-- report name -->
		<span class='report-name'>ExtentReports</span>
		
		<!-- report headline -->
		<span class='report-headline'></span>

		<!-- nav-right -->
		<ul id='nav-mobile' class='right hide-on-med-and-down nav-right'>
			<li>
                <a href='#!'>
                    <span class='label suite-start-time blue darken-3'>Sep 6, 2022 10:56:58 AM</span>
				</a>
			</li>
			<li>
                <a href='#!'>
                    <span class='label blue darken-3'>3.1.2</span>
				</a>
			</li>
		</ul>
	</div>
</nav>

		<!-- container -->
		<div class='container'>

<div id='test-view' class='view'>
				
	<section id='controls'>
		<div class='controls grey lighten-4'>
			<!-- test toggle -->
			<div class='chip transparent'>
				<a class='dropdown-button tests-toggle' data-activates='tests-toggle' data-constrainwidth='true' data-beloworigin='true' data-hover='true' href='#'>
					<i class='material-icons'>warning</i> Status
				</a>
				<ul id='tests-toggle' class='dropdown-content'>
											<li status='pass'><a href='#!'>Pass <i class='material-icons green-text'>check_circle</i></a></li>
						<li status='fail'><a href='#!'>Fail <i class='material-icons red-text'>cancel</i></a></li>
						<li status='skip'><a href='#!'>Skip <i class='material-icons cyan-text'>redo</i></a></li>
					<li class='divider'></li>
					<li status='clear' clear='true'><a href='#!'>Clear Filters <i class='material-icons'>clear</i></a></li>
				</ul>
			</div>
			<!-- test toggle -->

			<!-- category toggle -->
			<div class='chip transparent'>
				<a class='dropdown-button category-toggle' data-activates='category-toggle' data-constrainwidth='false' data-beloworigin='true' data-hover='true' href='#'>
					<i class='material-icons'>local_offer</i> Category
				</a>
				<ul id='category-toggle' class='dropdown-content'>
					<li><a href='#'>@Test</a></li>
					<li class='divider'></li>
					<li class='clear'><a href='#!' clear='true'>Clear Filters</a></li>
				</ul>
			</div>
			<!-- category toggle -->

			<!-- clear filters -->
			<div class='chip transparent hide'>
				<a class='' id='clear-filters' alt='Clear Filters' title='Clear Filters'>
					<i class='material-icons'>close</i> Clear
				</a>
			</div>
			<!-- clear filters -->

			<!-- enable dashboard -->
			<div id='toggle-test-view-charts' class='chip transparent'>
				<a class='pink-text' id='enable-dashboard' alt='Enable Dashboard' title='Enable Dashboard'>
					<i class='material-icons'>track_changes</i> Dashboard
				</a>
			</div>
			<!-- enable dashboard -->

			<!-- search -->
			<div class='chip transparent' alt='Search Tests' title='Search Tests'>
				<a href="#" class='search-div'>
					<i class='material-icons'>search</i> Search
				</a>

				<div class='input-field left hide'>
					<input id='search-tests' type='text' class='validate browser-default' placeholder='Search Tests...'>
				</div>
				
			</div>
			<!-- search -->
		</div>
	</section>


<div id='test-view-charts' class='subview-full'>
	<div id='charts-row' class='row nm-v nm-h'>
		<div class='col s12 m4 l4 np-h'>
			<div class='card-panel nm-v'>
				<div class='left panel-name'>Features</div>
				<div class='chart-box'>
					<canvas id='parent-analysis' width='100' height='80'></canvas>
				</div>
				<div class='block text-small'>
					<span class='tooltipped' data-position='top' data-tooltip='0%'><span class='strong'>0</span> feature(s) passed</span>
				</div>
				<div class='block text-small'>
					<span class='strong tooltipped' data-position='top' data-tooltip='100%'>1</span> feature(s) failed, <span class='strong tooltipped' data-position='top' data-tooltip='0%'>0</span> others
				</div>
			</div>
		</div>
		
		<div class='col s12 m4 l4 np-h'>
			<div class='card-panel nm-v'>
				<div class='left panel-name'>Scenarios</div>
				<div class='chart-box'>
					<canvas id='child-analysis' width='100' height='80'></canvas>
				</div>
				<div class='block text-small'>
					<span class='tooltipped' data-position='top' data-tooltip='0%'><span class='strong'>0</span> scenario(s) passed</span>
				</div>
				<div class='block text-small'>
					<span class='strong tooltipped' data-position='top' data-tooltip='100%'>5</span> scenario(s) failed, <span class='strong tooltipped' data-position='top' data-tooltip='0%'>0</span> others
				</div>
			</div>
		</div>
		
		<div class='col s12 m4 l4 np-h'>
			<div class='card-panel nm-v'>
				<div class='left panel-name'>Steps</div>
				<div class='chart-box'>
					<canvas id='grandchild-analysis' width='100' height='80'></canvas>
				</div>
				<div class='block text-small'>
					<span class='tooltipped' data-position='top' data-tooltip='0%'><span class='strong'>0</span> step(s) passed</span>
				</div>
				<div class='block text-small'>
					<span class='strong tooltipped' data-position='top' data-tooltip='16.129%'>5</span> step(s) failed, <span class='strong tooltipped' data-position='top' data-tooltip='83.871%'>26</span> others
				</div>
			</div>
		</div>
	</div>
</div>

	<div class='subview-left left'>
		
		<div class='view-summary'>
			<h5>Features</h5>
			<ul id='test-collection' class='test-collection'>
				
				
				<li class='test displayed active has-leaf fail' status='fail' bdd='true' test-id='1'>
					<div class='test-heading'>
						<span class='test-name'>Adactin Hotel Booking</span>
						<span class='test-time'>Sep 6, 2022 10:56:58 AM</span>
						<span class='test-status right fail'>fail</span>
					</div>
					<div class='test-content hide'>
<div class='scenario node' test-id='2' status='fail'>
	<div class='category-list'>
		<span class='category label white-text'>@Test</span>
	</div>
	<span class='duration right label'>0h 0m 0s+648ms</span>
	<div class='desc'>
		<b>Scenario</b>
		<span class="desc-text">Login the Adactin Website with Valied user Credentials</span>
	</div>
	<ul class='steps'>
		<li test-id='3' class='node given fail' status='fail'>
			
			<b>Given</b>
			
			<span class="bdd-step-name">Given user launch the Adactin url</span>
				<div class='pre'><pre>org.openqa.selenium.WebDriverException: unknown error: net::ERR_INTERNET_DISCONNECTED
  (Session info: chrome=104.0.5112.102)
Build info: version: '3.141.59', revision: 'e82be7d358', time: '2018-11-14T08:17:03'
System info: host: 'SG-L-7301093', ip: '127.0.0.1', os.name: 'Windows 10', os.arch: 'amd64', os.version: '10.0', java.version: '1.8.0_321'
Driver info: org.openqa.selenium.chrome.ChromeDriver
Capabilities {acceptInsecureCerts: false, browserName: chrome, browserVersion: 104.0.5112.102, chrome: {chromedriverVersion: 104.0.5112.79 (3cf3e8c8a07d..., userDataDir: C:\Users\sgsasek\AppData\Lo...}, goog:chromeOptions: {debuggerAddress: localhost:62600}, javascriptEnabled: true, networkConnectionEnabled: false, pageLoadStrategy: normal, platform: WINDOWS, platformName: WINDOWS, proxy: Proxy(), setWindowRect: true, strictFileInteractability: false, timeouts: {implicit: 0, pageLoad: 300000, script: 30000}, unhandledPromptBehavior: dismiss and notify, webauthn:extension:credBlob: true, webauthn:extension:largeBlob: true, webauthn:virtualAuthenticators: true}
Session ID: 23c1a9e5c0adda86bb2212643ad87b1b
	at sun.reflect.NativeConstructorAccessorImpl.newInstance0(Native Method)
	at sun.reflect.NativeConstructorAccessorImpl.newInstance(Unknown Source)
	at sun.reflect.DelegatingConstructorAccessorImpl.newInstance(Unknown Source)
	at java.lang.reflect.Constructor.newInstance(Unknown Source)
	at org.openqa.selenium.remote.http.W3CHttpResponseCodec.createException(W3CHttpResponseCodec.java:187)
	at org.openqa.selenium.remote.http.W3CHttpResponseCodec.decode(W3CHttpResponseCodec.java:122)
	at org.openqa.selenium.remote.http.W3CHttpResponseCodec.decode(W3CHttpResponseCodec.java:49)
	at org.openqa.selenium.remote.HttpCommandExecutor.execute(HttpCommandExecutor.java:158)
	at org.openqa.selenium.remote.service.DriverCommandExecutor.execute(DriverCommandExecutor.java:83)
	at org.openqa.selenium.remote.RemoteWebDriver.execute(RemoteWebDriver.java:552)
	at org.openqa.selenium.remote.RemoteWebDriver.get(RemoteWebDriver.java:277)
	at com.BaseClass_AdactinPages_Mini_Proj.BaseClass_Adactin.launchUrl(BaseClass_Adactin.java:61)
	at stepDefinitions.stepDefinition.user_launch_the_Adactin_url(stepDefinition.java:50)
	at ✽.Given user launch the Adactin url(C:/Users/sgsasek/Desktop/jAva/eclipse-workspace/Cucumber_Session/src/test/java/Features/AdactinHotelBooking.feature:5)
</pre></div>
			
		</li>
		<li test-id='4' class='node when skip' status='skip'>
			
			<b>When</b>
			
			<span class="bdd-step-name">When enters the Username</span>
				<div class='pre'>skipped</div>
			
		</li>
		<li test-id='5' class='node and skip' status='skip'>
			
			<b>And</b>
			
			<span class="bdd-step-name">And enters the Password</span>
				<div class='pre'>skipped</div>
			
		</li>
		<li test-id='6' class='node then skip' status='skip'>
			
			<b>Then</b>
			
			<span class="bdd-step-name">Then user clickOnLoginButton</span>
				<div class='pre'>skipped</div>
			
		</li>
	</ul>
</div>
<div class='scenariooutline node' test-id='7' status='fail'>
	<span class='duration right label'>0h 0m 0s+56ms</span>
	<div class='desc'>
		<b>ScenarioOutline</b>
		<span class="desc-text">SearchHotel Page with the User Details & Preferences</span>
	</div>
	<ul class='steps'>
		<li test-id='8' class='node scenario fail' status='fail'>
			<div class='category-list'>
				<span class='category label white-text'>@Test</span>
			</div>
			
			<b>Scenario</b>
			
			<span class="bdd-step-name">SearchHotel Page with the User Details & Preferences</span>
			
				<ul class='steps'>
					<li test-id='9' class='node given fail' status='fail'><b>Given</b>
						<span class="bdd-step-name">Given User successfully lands at the Page "Adactin.com - Search Hotel"</span>
							<div class='pre'><textarea>junit.framework.ComparisonFailure: expected:<[adactinhotelapp.com]> but was:<[Adactin.com - Search Hotel]>
	at junit.framework.Assert.assertEquals(Assert.java:100)
	at junit.framework.Assert.assertEquals(Assert.java:107)
	at stepDefinitions.stepDefinition.user_successfully_lands_at_the_Page(stepDefinition.java:78)
	at ✽.Given User successfully lands at the Page "Adactin.com - Search Hotel"(C:/Users/sgsasek/Desktop/jAva/eclipse-workspace/Cucumber_Session/src/test/java/Features/AdactinHotelBooking.feature:12)
</textarea></div>
					</li>
					<li test-id='10' class='node then skip' status='skip'><b>Then</b>
						<span class="bdd-step-name">Then user selects the HotelLocation</span>
							<div class='pre'>skipped</div>
					</li>
					<li test-id='11' class='node and skip' status='skip'><b>And</b>
						<span class="bdd-step-name">And selects the Hotel</span>
							<div class='pre'>skipped</div>
					</li>
					<li test-id='12' class='node and skip' status='skip'><b>And</b>
						<span class="bdd-step-name">And selects the RoomType</span>
							<div class='pre'>skipped</div>
					</li>
					<li test-id='13' class='node and skip' status='skip'><b>And</b>
						<span class="bdd-step-name">And selects the No of Rooms</span>
							<div class='pre'>skipped</div>
					</li>
					<li test-id='14' class='node and skip' status='skip'><b>And</b>
						<span class="bdd-step-name">And selects the CheckInDate</span>
							<div class='pre'>skipped</div>
					</li>
					<li test-id='15' class='node and skip' status='skip'><b>And</b>
						<span class="bdd-step-name">And selects the CheckOutDate</span>
							<div class='pre'>skipped</div>
					</li>
					<li test-id='16' class='node and skip' status='skip'><b>And</b>
						<span class="bdd-step-name">And selects the No Of Adults Room</span>
							<div class='pre'>skipped</div>
					</li>
					<li test-id='17' class='node and skip' status='skip'><b>And</b>
						<span class="bdd-step-name">And selects the No Of Childs Room</span>
							<div class='pre'>skipped</div>
					</li>
					<li test-id='18' class='node then skip' status='skip'><b>Then</b>
						<span class="bdd-step-name">Then Click on Search Button</span>
							<div class='pre'>skipped</div>
					</li>
				</ul>
		</li>
	</ul>
</div>
<div class='scenariooutline node' test-id='19' status='fail'>
	<span class='duration right label'>0h 0m 0s+21ms</span>
	<div class='desc'>
		<b>ScenarioOutline</b>
		<span class="desc-text">Itinerary Page</span>
	</div>
	<ul class='steps'>
		<li test-id='20' class='node scenario fail' status='fail'>
			<div class='category-list'>
				<span class='category label white-text'>@Test</span>
			</div>
			
			<b>Scenario</b>
			
			<span class="bdd-step-name">Itinerary Page</span>
			
				<ul class='steps'>
					<li test-id='21' class='node given fail' status='fail'><b>Given</b>
						<span class="bdd-step-name">Given User successfully lands at the Page "Adactin.com - Select Hotel"</span>
							<div class='pre'><textarea>junit.framework.ComparisonFailure: expected:<[adactinhotelapp.com]> but was:<[Adactin.com - Select Hotel]>
	at junit.framework.Assert.assertEquals(Assert.java:100)
	at junit.framework.Assert.assertEquals(Assert.java:107)
	at stepDefinitions.stepDefinition.user_successfully_lands_at_the_Page(stepDefinition.java:78)
	at ✽.Given User successfully lands at the Page "Adactin.com - Select Hotel"(C:/Users/sgsasek/Desktop/jAva/eclipse-workspace/Cucumber_Session/src/test/java/Features/AdactinHotelBooking.feature:28)
</textarea></div>
					</li>
					<li test-id='22' class='node then skip' status='skip'><b>Then</b>
						<span class="bdd-step-name">Then Click on the RadioButton to Select the Hotel</span>
							<div class='pre'>skipped</div>
					</li>
					<li test-id='23' class='node and skip' status='skip'><b>And</b>
						<span class="bdd-step-name">And Click on the ContinueButton</span>
							<div class='pre'>skipped</div>
					</li>
				</ul>
		</li>
	</ul>
</div>
<div class='scenariooutline node' test-id='24' status='fail'>
	<span class='duration right label'>0h 0m 0s+48ms</span>
	<div class='desc'>
		<b>ScenarioOutline</b>
		<span class="desc-text">Booking Page with Valied User & Payment Details</span>
	</div>
	<ul class='steps'>
		<li test-id='25' class='node scenario fail' status='fail'>
			<div class='category-list'>
				<span class='category label white-text'>@Test</span>
			</div>
			
			<b>Scenario</b>
			
			<span class="bdd-step-name">Booking Page with Valied User & Payment Details</span>
			
				<ul class='steps'>
					<li test-id='26' class='node given fail' status='fail'><b>Given</b>
						<span class="bdd-step-name">Given User successfully lands at the Page "Adactin.com - Book A Hotel"</span>
							<div class='pre'><textarea>junit.framework.ComparisonFailure: expected:<[adactinhotelapp.com]> but was:<[Adactin.com - Book A Hotel]>
	at junit.framework.Assert.assertEquals(Assert.java:100)
	at junit.framework.Assert.assertEquals(Assert.java:107)
	at stepDefinitions.stepDefinition.user_successfully_lands_at_the_Page(stepDefinition.java:78)
	at ✽.Given User successfully lands at the Page "Adactin.com - Book A Hotel"(C:/Users/sgsasek/Desktop/jAva/eclipse-workspace/Cucumber_Session/src/test/java/Features/AdactinHotelBooking.feature:37)
</textarea></div>
					</li>
					<li test-id='27' class='node then skip' status='skip'><b>Then</b>
						<span class="bdd-step-name">Then user Enters the FirstName</span>
							<div class='pre'>skipped</div>
					</li>
					<li test-id='28' class='node and skip' status='skip'><b>And</b>
						<span class="bdd-step-name">And user Enters the LastName</span>
							<div class='pre'>skipped</div>
					</li>
					<li test-id='29' class='node and skip' status='skip'><b>And</b>
						<span class="bdd-step-name">And user Enters the Address</span>
							<div class='pre'>skipped</div>
					</li>
					<li test-id='30' class='node and skip' status='skip'><b>And</b>
						<span class="bdd-step-name">And user Enters the CreditCardDetail</span>
							<div class='pre'>skipped</div>
					</li>
					<li test-id='31' class='node and skip' status='skip'><b>And</b>
						<span class="bdd-step-name">And Selects the VISACardType</span>
							<div class='pre'>skipped</div>
					</li>
					<li test-id='32' class='node and skip' status='skip'><b>And</b>
						<span class="bdd-step-name">And Selects the VISACardExpiryMonth</span>
							<div class='pre'>skipped</div>
					</li>
					<li test-id='33' class='node and skip' status='skip'><b>And</b>
						<span class="bdd-step-name">And Selects the VISACardExpiryYear</span>
							<div class='pre'>skipped</div>
					</li>
					<li test-id='34' class='node and skip' status='skip'><b>And</b>
						<span class="bdd-step-name">And user Enters the CVV Number</span>
							<div class='pre'>skipped</div>
					</li>
					<li test-id='35' class='node then skip' status='skip'><b>Then</b>
						<span class="bdd-step-name">Then Click on the BookNowButton</span>
							<div class='pre'>skipped</div>
					</li>
				</ul>
		</li>
	</ul>
</div>
<div class='scenariooutline node' test-id='36' status='fail'>
	<span class='duration right label'>0h 0m 0s+32ms</span>
	<div class='desc'>
		<b>ScenarioOutline</b>
		<span class="desc-text">Booking Confirmation Page with Valied User & Payment Details</span>
	</div>
	<ul class='steps'>
		<li test-id='37' class='node scenario fail' status='fail'>
			<div class='category-list'>
				<span class='category label white-text'>@Test</span>
			</div>
			
			<b>Scenario</b>
			
			<span class="bdd-step-name">Booking Confirmation Page with Valied User & Payment Details</span>
			
				<ul class='steps'>
					<li test-id='38' class='node given fail' status='fail'><b>Given</b>
						<span class="bdd-step-name">Given User successfully lands at the Page "Adactin.com - Book A Hotel"</span>
							<div class='pre'><textarea>junit.framework.ComparisonFailure: expected:<[adactinhotelapp.com]> but was:<[Adactin.com - Book A Hotel]>
	at junit.framework.Assert.assertEquals(Assert.java:100)
	at junit.framework.Assert.assertEquals(Assert.java:107)
	at stepDefinitions.stepDefinition.user_successfully_lands_at_the_Page(stepDefinition.java:78)
	at ✽.Given User successfully lands at the Page "Adactin.com - Book A Hotel"(C:/Users/sgsasek/Desktop/jAva/eclipse-workspace/Cucumber_Session/src/test/java/Features/AdactinHotelBooking.feature:53)
</textarea></div>
					</li>
					<li test-id='39' class='node and skip' status='skip'><b>And</b>
						<span class="bdd-step-name">And Click on the MyItineraryButton</span>
							<div class='pre'>skipped</div>
					</li>
					<li test-id='40' class='node then skip' status='skip'><b>Then</b>
						<span class="bdd-step-name">Then takes the Screenshot</span>
							<div class='pre'>skipped</div>
					</li>
					<li test-id='41' class='node and skip' status='skip'><b>And</b>
						<span class="bdd-step-name">And Click on the LogOutButton</span>
							<div class='pre'>skipped</div>
					</li>
				</ul>
		</li>
	</ul>
</div>
					</div>
				</li>
			</ul>
		</div>
	</div>
	<!-- subview left -->

	<div class='subview-right left'>
		<div class='view-summary'>
			<h5 class='test-name'></h5>

			<div id='step-filters' class="right">
				<span class="blue-text" status="info" alt="info" title="info"><i class="material-icons">info_outline</i></span>
				<span class="green-text" status="pass" alt="pass" title="pass"><i class="material-icons">check_circle</i></span>
				<span class="red-text" status="fail" alt="fail" title="fail"><i class="material-icons">cancel</i></span>
				<span class="red-text text-darken-4" status="fatal" alt="fatal" title="fatal"><i class="material-icons">cancel</i></span>
				<span class="pink-text text-lighten-1" status="error" alt="error" title="error"><i class="material-icons">error</i></span>
				<span class="orange-text" alt="warning" status="warning" title="warning"><i class="material-icons">warning</i></span>
				<span class="teal-text" status="skip" alt="skip" title="skip"><i class="material-icons">redo</i></span>
				<span status="clear" alt="Clear filters" title="Clear filters"><i class="material-icons">clear</i></span>
			</div>
		</div>
	</div>
	<!-- subview right -->

</div>
<!-- test view -->
<div id='category-view' class='view hide'>

	<section id='controls'>
		<div class='controls grey lighten-4'>
			<!-- search -->
			<div class='chip transparent' alt='Search Tests' title='Search Tests'>
				<a href="#" class='search-div'>
					<i class='material-icons'>search</i> Search
				</a>
				
				<div class='input-field left hide'>
					<input id='search-tests' type='text' class='validate browser-default' placeholder='Search Tests...'>
				</div>
				
			</div>
			<!-- search -->
		</div>
	</section>

	<div class='subview-left left'>
		
		<div class='view-summary'>
			<h5>Categories</h3>
			<ul id='category-collection' class='category-collection'>
				
				<li class='category displayed active'>
					<div class='category-heading'>
						<span class='category-name'>@Test</span>
						<span class='category-status right'>
							<span class='label fail'>5</span>
						</span>
					</div>
					<div class='category-content hide'>
						<div class='category-status-counts'>
							
							<span class='label red lighten-1 white-text'>Failed: 5</span>
							
						</div>
					
						<div class='category-tests'>
							<table class='bordered table-results'>
								<thead>
									<tr>
										<th>Timestamp</th>
										<th>TestName</th>
										<th>Status</th>
									</tr>
								</thead>
								<tbody>
									<tr>
										<td>Sep 6, 2022 10:56:58 AM</td>
										<td class='linked' test-id='2'>Adactin Hotel Booking.Login the Adactin Website with Valied user Credentials</td>
										<td><span class='test-status fail'>fail</span></td>
									</tr>
									<tr>
										<td>Sep 6, 2022 10:56:59 AM</td>
										<td class='linked' test-id='8'>Adactin Hotel Booking.SearchHotel Page with the User Details & Preferences.SearchHotel Page with the User Details & Preferences</td>
										<td><span class='test-status fail'>fail</span></td>
									</tr>
									<tr>
										<td>Sep 6, 2022 10:56:59 AM</td>
										<td class='linked' test-id='20'>Adactin Hotel Booking.Itinerary Page.Itinerary Page</td>
										<td><span class='test-status fail'>fail</span></td>
									</tr>
									<tr>
										<td>Sep 6, 2022 10:56:59 AM</td>
										<td class='linked' test-id='25'>Adactin Hotel Booking.Booking Page with Valied User & Payment Details.Booking Page with Valied User & Payment Details</td>
										<td><span class='test-status fail'>fail</span></td>
									</tr>
									<tr>
										<td>Sep 6, 2022 10:56:59 AM</td>
										<td class='linked' test-id='37'>Adactin Hotel Booking.Booking Confirmation Page with Valied User & Payment Details.Booking Confirmation Page with Valied User & Payment Details</td>
										<td><span class='test-status fail'>fail</span></td>
									</tr>
								</tbody>
							</table>
						</div>
					</div>
				</li>

			</ul>
		</div>
	</div>

	<div class='subview-right left'>
		<div class='view-summary'>
			<h5 class='category-name'></h5>
		</div>
	</div>
</div>
<!-- category view -->
<div id='exception-view' class='view hide'>

    <section id='controls'>
        <div class='controls grey lighten-4'>
            <!-- search -->
            <div class='chip transparent' alt='Search Tests' title='Search Tests'>
                <a href="#" class='search-div'>
                    <i class='material-icons'>search</i> Search
                </a>

                <div class='input-field left hide'>
                    <input id='search-tests' type='text' class='validate browser-default' placeholder='Search Tests...'>
                </div>

            </div>
            <!-- search -->
        </div>
    </section>

    <div class='subview-left left'>

        <div class='view-summary'>
            <h5>Exceptions</h3>
                <ul id='exception-collection' class='exception-collection'>

                        <li class='exception displayed active'>
                            <div class='exception-heading'>
                                <span class='exception-name'>org.openqa.selenium.WebDriverException</span>
                                <span class='exception-count right'><span class='label red lighten-1 white-text'>1</span></span>
                            </div>
                            <div class='exception-content hide'>
                                <div class='exception-tests'>
                                    <table class='bordered table-results'>
                                        <thead>
                                        <tr>
                                            <th>Timestamp</th>
                                            <th>TestName</th>
                                            <th>Status</th>
                                        </tr>
                                        </thead>
                                        <tbody>
                                                    <tr>
                                                        <td>Sep 6, 2022 10:56:58 AM</td>
                                                        <td class='linked' test-id='3'>Adactin Hotel Booking.Login the Adactin Website with Valied user Credentials.Given user launch the Adactin url</td>
                                                        <td><pre><pre>org.openqa.selenium.WebDriverException: unknown error: net::ERR_INTERNET_DISCONNECTED
  (Session info: chrome=104.0.5112.102)
Build info: version: '3.141.59', revision: 'e82be7d358', time: '2018-11-14T08:17:03'
System info: host: 'SG-L-7301093', ip: '127.0.0.1', os.name: 'Windows 10', os.arch: 'amd64', os.version: '10.0', java.version: '1.8.0_321'
Driver info: org.openqa.selenium.chrome.ChromeDriver
Capabilities {acceptInsecureCerts: false, browserName: chrome, browserVersion: 104.0.5112.102, chrome: {chromedriverVersion: 104.0.5112.79 (3cf3e8c8a07d..., userDataDir: C:\Users\sgsasek\AppData\Lo...}, goog:chromeOptions: {debuggerAddress: localhost:62600}, javascriptEnabled: true, networkConnectionEnabled: false, pageLoadStrategy: normal, platform: WINDOWS, platformName: WINDOWS, proxy: Proxy(), setWindowRect: true, strictFileInteractability: false, timeouts: {implicit: 0, pageLoad: 300000, script: 30000}, unhandledPromptBehavior: dismiss and notify, webauthn:extension:credBlob: true, webauthn:extension:largeBlob: true, webauthn:virtualAuthenticators: true}
Session ID: 23c1a9e5c0adda86bb2212643ad87b1b
	at sun.reflect.NativeConstructorAccessorImpl.newInstance0(Native Method)
	at sun.reflect.NativeConstructorAccessorImpl.newInstance(Unknown Source)
	at sun.reflect.DelegatingConstructorAccessorImpl.newInstance(Unknown Source)
	at java.lang.reflect.Constructor.newInstance(Unknown Source)
	at org.openqa.selenium.remote.http.W3CHttpResponseCodec.createException(W3CHttpResponseCodec.java:187)
	at org.openqa.selenium.remote.http.W3CHttpResponseCodec.decode(W3CHttpResponseCodec.java:122)
	at org.openqa.selenium.remote.http.W3CHttpResponseCodec.decode(W3CHttpResponseCodec.java:49)
	at org.openqa.selenium.remote.HttpCommandExecutor.execute(HttpCommandExecutor.java:158)
	at org.openqa.selenium.remote.service.DriverCommandExecutor.execute(DriverCommandExecutor.java:83)
	at org.openqa.selenium.remote.RemoteWebDriver.execute(RemoteWebDriver.java:552)
	at org.openqa.selenium.remote.RemoteWebDriver.get(RemoteWebDriver.java:277)
	at com.BaseClass_AdactinPages_Mini_Proj.BaseClass_Adactin.launchUrl(BaseClass_Adactin.java:61)
	at stepDefinitions.stepDefinition.user_launch_the_Adactin_url(stepDefinition.java:50)
	at ✽.Given user launch the Adactin url(C:/Users/sgsasek/Desktop/jAva/eclipse-workspace/Cucumber_Session/src/test/java/Features/AdactinHotelBooking.feature:5)
</pre></pre></td>
                                                    </tr>
                                        </tbody>
                                    </table>
                                </div>
                            </div>
                        </li>
                        <li class='exception displayed active'>
                            <div class='exception-heading'>
                                <span class='exception-name'>junit.framework.ComparisonFailure</span>
                                <span class='exception-count right'><span class='label red lighten-1 white-text'>4</span></span>
                            </div>
                            <div class='exception-content hide'>
                                <div class='exception-tests'>
                                    <table class='bordered table-results'>
                                        <thead>
                                        <tr>
                                            <th>Timestamp</th>
                                            <th>TestName</th>
                                            <th>Status</th>
                                        </tr>
                                        </thead>
                                        <tbody>
                                                    <tr>
                                                        <td>Sep 6, 2022 10:56:59 AM</td>
                                                        <td class='linked' test-id='9'>Adactin Hotel Booking.SearchHotel Page with the User Details & Preferences.SearchHotel Page with the User Details & Preferences.Given User successfully lands at the Page "Adactin.com - Search Hotel"</td>
                                                        <td><pre><textarea>junit.framework.ComparisonFailure: expected:<[adactinhotelapp.com]> but was:<[Adactin.com - Search Hotel]>
	at junit.framework.Assert.assertEquals(Assert.java:100)
	at junit.framework.Assert.assertEquals(Assert.java:107)
	at stepDefinitions.stepDefinition.user_successfully_lands_at_the_Page(stepDefinition.java:78)
	at ✽.Given User successfully lands at the Page "Adactin.com - Search Hotel"(C:/Users/sgsasek/Desktop/jAva/eclipse-workspace/Cucumber_Session/src/test/java/Features/AdactinHotelBooking.feature:12)
</textarea></pre></td>
                                                    </tr>
                                                    <tr>
                                                        <td>Sep 6, 2022 10:56:59 AM</td>
                                                        <td class='linked' test-id='21'>Adactin Hotel Booking.Itinerary Page.Itinerary Page.Given User successfully lands at the Page "Adactin.com - Select Hotel"</td>
                                                        <td><pre><textarea>junit.framework.ComparisonFailure: expected:<[adactinhotelapp.com]> but was:<[Adactin.com - Select Hotel]>
	at junit.framework.Assert.assertEquals(Assert.java:100)
	at junit.framework.Assert.assertEquals(Assert.java:107)
	at stepDefinitions.stepDefinition.user_successfully_lands_at_the_Page(stepDefinition.java:78)
	at ✽.Given User successfully lands at the Page "Adactin.com - Select Hotel"(C:/Users/sgsasek/Desktop/jAva/eclipse-workspace/Cucumber_Session/src/test/java/Features/AdactinHotelBooking.feature:28)
</textarea></pre></td>
                                                    </tr>
                                                    <tr>
                                                        <td>Sep 6, 2022 10:56:59 AM</td>
                                                        <td class='linked' test-id='26'>Adactin Hotel Booking.Booking Page with Valied User & Payment Details.Booking Page with Valied User & Payment Details.Given User successfully lands at the Page "Adactin.com - Book A Hotel"</td>
                                                        <td><pre><textarea>junit.framework.ComparisonFailure: expected:<[adactinhotelapp.com]> but was:<[Adactin.com - Book A Hotel]>
	at junit.framework.Assert.assertEquals(Assert.java:100)
	at junit.framework.Assert.assertEquals(Assert.java:107)
	at stepDefinitions.stepDefinition.user_successfully_lands_at_the_Page(stepDefinition.java:78)
	at ✽.Given User successfully lands at the Page "Adactin.com - Book A Hotel"(C:/Users/sgsasek/Desktop/jAva/eclipse-workspace/Cucumber_Session/src/test/java/Features/AdactinHotelBooking.feature:37)
</textarea></pre></td>
                                                    </tr>
                                                    <tr>
                                                        <td>Sep 6, 2022 10:56:59 AM</td>
                                                        <td class='linked' test-id='38'>Adactin Hotel Booking.Booking Confirmation Page with Valied User & Payment Details.Booking Confirmation Page with Valied User & Payment Details.Given User successfully lands at the Page "Adactin.com - Book A Hotel"</td>
                                                        <td><pre><textarea>junit.framework.ComparisonFailure: expected:<[adactinhotelapp.com]> but was:<[Adactin.com - Book A Hotel]>
	at junit.framework.Assert.assertEquals(Assert.java:100)
	at junit.framework.Assert.assertEquals(Assert.java:107)
	at stepDefinitions.stepDefinition.user_successfully_lands_at_the_Page(stepDefinition.java:78)
	at ✽.Given User successfully lands at the Page "Adactin.com - Book A Hotel"(C:/Users/sgsasek/Desktop/jAva/eclipse-workspace/Cucumber_Session/src/test/java/Features/AdactinHotelBooking.feature:53)
</textarea></pre></td>
                                                    </tr>
                                        </tbody>
                                    </table>
                                </div>
                            </div>
                        </li>
                </ul>
        </div>
    </div>

    <div class='subview-right left'>
        <div class='view-summary'>
            <h5 class='exception-name'></h5>
        </div>
    </div>
</div>
<!-- exception view -->
<div id='dashboard-view' class='view hide'>
	<div class='card-panel transparent np-v'>
		<h5>Dashboard</h5>

		<div class='row'>
			<div class='col s2'>
				<div class='card-panel r'>
					Features
					<div class='panel-lead'>1</div>
				</div>
			</div>
			<div class='col s2'>
				<div class='card-panel r'>
					Scenarios
					<div class='panel-lead'>5</div>
				</div>
			</div>
			<div class='col s2'>
				<div class='card-panel r'>
					Steps
					<div class='panel-lead'>31</div>
				</div>
			</div>
			<div class='col s2'>
				<div class='card-panel r'>
					Start
					<div class='panel-lead'>Sep 6, 2022 10:56:58 AM</div>
				</div>
			</div>
			<div class='col s2'>
				<div class='card-panel r'>
			 		End
			 		<div class='panel-lead'>Sep 6, 2022 10:57:02 AM</div>
				</div>
			</div>
			<div class='col s2'>
				<div class='card-panel r'>
					Time Taken
					<div class='panel-lead'>4,057ms</div>
				</div>
			</div>
			<div class='col s6'>
				<div class='card-panel dashboard-categories'>
					<span class='right label cyan white-text'>Categories</span><p>&nbsp;</p>
					
					<table>
						<tr>
							<th>Name</th>
							<th>Passed</th>
							<th>Failed</th>
							<th>Others</th>
							<th>Passed %</th>
						</tr>
						<tr>
							<td>@Test</td>
							<td>0</td>
							<td>5</td>
							<td>0</td>
							<td>
									0%
							</td>
						</tr>
					</table>
				</div>
			</div>
		</div>
	</div>
</div>
<!-- dashboard view -->
<!-- testrunner-logs view -->
		</div>
		<!-- container -->

		<script>
			var statusGroup = {
				passParent: 0,
				failParent: 1,
				fatalParent: 0,
				errorParent: 0,
				warningParent: 0,
				skipParent: 0,
				exceptionsParent: 1,
				
				passChild: 0,
				failChild: 5,
				fatalChild: 0,
				errorChild: 0,
				warningChild: 0,
				skipChild: 0,
				infoChild: 0,
				exceptionsChild: 5,
				
				passGrandChild: 0,
				failGrandChild: 5,
				fatalGrandChild: 0,
				errorGrandChild: 0,
				warningGrandChild: 0,
				skipGrandChild: 26,
				infoGrandChild: 0,
				exceptionsGrandChild: 31,
			};
		</script>
		
			<script src='https://cdn.rawgit.com/anshooarora/extentreports-java/fca20fb7653aade98810546ab96a2a4360e3e712/dist/js/extent.js' type='text/javascript'></script>
		
		
 		<script type='text/javascript'>
 		</script>
	</body>
	
</html>
