<?xml version="1.0" encoding="UTF-8"?>
<testng-results skipped="2" failed="0" ignored="0" total="2" passed="0">
  <reporter-output>
  </reporter-output>
  <suite name="Default suite" duration-ms="2171" started-at="2022-09-06T11:02:40 SGT" finished-at="2022-09-06T11:02:42 SGT">
    <groups>
    </groups>
    <test name="Default test" duration-ms="2171" started-at="2022-09-06T11:02:40 SGT" finished-at="2022-09-06T11:02:42 SGT">
      <class name="com.TestNG_Basics.AssertClass_For_Validation">
        <test-method status="FAIL" signature="setChromeProperty()[pri:0, instance:com.TestNG_Basics.AssertClass_For_Validation@167fdd33]" name="setChromeProperty" is-config="true" duration-ms="2107" started-at="2022-09-06T11:02:40 SGT" finished-at="2022-09-06T11:02:42 SGT">
          <exception class="org.openqa.selenium.SessionNotCreatedException">
            <message>
              <![CDATA[session not created: This version of ChromeDriver only supports Chrome version 101
Current browser version is 104.0.5112.102 with binary path C:\Program Files\Google\Chrome\Application\chrome.exe
Build info: version: '3.141.59', revision: 'e82be7d358', time: '2018-11-14T08:25:53'
System info: host: 'SG-L-7301093', ip: '127.0.0.1', os.name: 'Windows 10', os.arch: 'amd64', os.version: '10.0', java.version: '1.8.0_321'
Driver info: driver.version: ChromeDriver
remote stacktrace: Backtrace:
Ordinal0 [0x004EB8F3+2406643]
Ordinal0 [0x0047AF31+1945393]
Ordinal0 [0x0036C748+837448]
Ordinal0 [0x0038C8B3+968883]
Ordinal0 [0x003884BA+951482]
Ordinal0 [0x00385D71+941425]
Ordinal0 [0x003B8EE0+1150688]
Ordinal0 [0x003B8B3A+1149754]
Ordinal0 [0x003B4096+1130646]
Ordinal0 [0x0038E636+976438]
Ordinal0 [0x0038F546+980294]
GetHandleVerifier [0x00759612+2498066]
GetHandleVerifier [0x0074C920+2445600]
GetHandleVerifier [0x00584F2A+579370]
GetHandleVerifier [0x00583D36+574774]
Ordinal0 [0x00481C0B+1973259]
Ordinal0 [0x00486688+1992328]
Ordinal0 [0x00486775+1992565]
Ordinal0 [0x0048F8D1+2029777]
BaseThreadInitThunk [0x754FFA29+25]
RtlGetAppContainerNamedObjectPath [0x77447A9E+286]
RtlGetAppContainerNamedObjectPath [0x77447A6E+238]
]]>
            </message>
            <full-stacktrace>
              <![CDATA[org.openqa.selenium.SessionNotCreatedException: session not created: This version of ChromeDriver only supports Chrome version 101
Current browser version is 104.0.5112.102 with binary path C:\Program Files\Google\Chrome\Application\chrome.exe
Build info: version: '3.141.59', revision: 'e82be7d358', time: '2018-11-14T08:25:53'
System info: host: 'SG-L-7301093', ip: '127.0.0.1', os.name: 'Windows 10', os.arch: 'amd64', os.version: '10.0', java.version: '1.8.0_321'
Driver info: driver.version: ChromeDriver
remote stacktrace: Backtrace:
Ordinal0 [0x004EB8F3+2406643]
Ordinal0 [0x0047AF31+1945393]
Ordinal0 [0x0036C748+837448]
Ordinal0 [0x0038C8B3+968883]
Ordinal0 [0x003884BA+951482]
Ordinal0 [0x00385D71+941425]
Ordinal0 [0x003B8EE0+1150688]
Ordinal0 [0x003B8B3A+1149754]
Ordinal0 [0x003B4096+1130646]
Ordinal0 [0x0038E636+976438]
Ordinal0 [0x0038F546+980294]
GetHandleVerifier [0x00759612+2498066]
GetHandleVerifier [0x0074C920+2445600]
GetHandleVerifier [0x00584F2A+579370]
GetHandleVerifier [0x00583D36+574774]
Ordinal0 [0x00481C0B+1973259]
Ordinal0 [0x00486688+1992328]
Ordinal0 [0x00486775+1992565]
Ordinal0 [0x0048F8D1+2029777]
BaseThreadInitThunk [0x754FFA29+25]
RtlGetAppContainerNamedObjectPath [0x77447A9E+286]
RtlGetAppContainerNamedObjectPath [0x77447A6E+238]

at sun.reflect.NativeConstructorAccessorImpl.newInstance0(Native Method)
at sun.reflect.NativeConstructorAccessorImpl.newInstance(Unknown Source)
at sun.reflect.DelegatingConstructorAccessorImpl.newInstance(Unknown Source)
at java.lang.reflect.Constructor.newInstance(Unknown Source)
at org.openqa.selenium.remote.W3CHandshakeResponse.lambda$errorHandler$0(W3CHandshakeResponse.java:62)
at org.openqa.selenium.remote.HandshakeResponse.lambda$getResponseFunction$0(HandshakeResponse.java:30)
at org.openqa.selenium.remote.ProtocolHandshake.lambda$createSession$0(ProtocolHandshake.java:126)
at java.util.stream.ReferencePipeline$3$1.accept(Unknown Source)
at java.util.Spliterators$ArraySpliterator.tryAdvance(Unknown Source)
at java.util.stream.ReferencePipeline.forEachWithCancel(Unknown Source)
at java.util.stream.AbstractPipeline.copyIntoWithCancel(Unknown Source)
at java.util.stream.AbstractPipeline.copyInto(Unknown Source)
at java.util.stream.AbstractPipeline.wrapAndCopyInto(Unknown Source)
at java.util.stream.FindOps$FindOp.evaluateSequential(Unknown Source)
at java.util.stream.AbstractPipeline.evaluate(Unknown Source)
at java.util.stream.ReferencePipeline.findFirst(Unknown Source)
at org.openqa.selenium.remote.ProtocolHandshake.createSession(ProtocolHandshake.java:128)
at org.openqa.selenium.remote.ProtocolHandshake.createSession(ProtocolHandshake.java:74)
at org.openqa.selenium.remote.HttpCommandExecutor.execute(HttpCommandExecutor.java:136)
at org.openqa.selenium.remote.service.DriverCommandExecutor.execute(DriverCommandExecutor.java:83)
at org.openqa.selenium.remote.RemoteWebDriver.execute(RemoteWebDriver.java:552)
at org.openqa.selenium.remote.RemoteWebDriver.startSession(RemoteWebDriver.java:213)
at org.openqa.selenium.remote.RemoteWebDriver.<init>(RemoteWebDriver.java:131)
at org.openqa.selenium.chrome.ChromeDriver.<init>(ChromeDriver.java:181)
at org.openqa.selenium.chrome.ChromeDriver.<init>(ChromeDriver.java:168)
at org.openqa.selenium.chrome.ChromeDriver.<init>(ChromeDriver.java:123)
at com.TestNG_Basics.AssertClass_For_Validation.setChromeProperty(AssertClass_For_Validation.java:24)
at sun.reflect.NativeMethodAccessorImpl.invoke0(Native Method)
at sun.reflect.NativeMethodAccessorImpl.invoke(Unknown Source)
at sun.reflect.DelegatingMethodAccessorImpl.invoke(Unknown Source)
at java.lang.reflect.Method.invoke(Unknown Source)
at org.testng.internal.MethodInvocationHelper.invokeMethod(MethodInvocationHelper.java:133)
at org.testng.internal.MethodInvocationHelper.invokeMethodConsideringTimeout(MethodInvocationHelper.java:62)
at org.testng.internal.ConfigInvoker.invokeConfigurationMethod(ConfigInvoker.java:385)
at org.testng.internal.ConfigInvoker.invokeConfigurations(ConfigInvoker.java:321)
at org.testng.internal.TestInvoker.runConfigMethods(TestInvoker.java:700)
at org.testng.internal.TestInvoker.invokeMethod(TestInvoker.java:527)
at org.testng.internal.TestInvoker.invokeTestMethod(TestInvoker.java:173)
at org.testng.internal.MethodRunner.runInSequence(MethodRunner.java:46)
at org.testng.internal.TestInvoker$MethodInvocationAgent.invoke(TestInvoker.java:824)
at org.testng.internal.TestInvoker.invokeTestMethods(TestInvoker.java:146)
at org.testng.internal.TestMethodWorker.invokeTestMethods(TestMethodWorker.java:146)
at org.testng.internal.TestMethodWorker.run(TestMethodWorker.java:128)
at java.util.ArrayList.forEach(Unknown Source)
at org.testng.TestRunner.privateRun(TestRunner.java:794)
at org.testng.TestRunner.run(TestRunner.java:596)
at org.testng.SuiteRunner.runTest(SuiteRunner.java:377)
at org.testng.SuiteRunner.runSequentially(SuiteRunner.java:371)
at org.testng.SuiteRunner.privateRun(SuiteRunner.java:332)
at org.testng.SuiteRunner.run(SuiteRunner.java:276)
at org.testng.SuiteRunnerWorker.runSuite(SuiteRunnerWorker.java:53)
at org.testng.SuiteRunnerWorker.run(SuiteRunnerWorker.java:96)
at org.testng.TestNG.runSuitesSequentially(TestNG.java:1212)
at org.testng.TestNG.runSuitesLocally(TestNG.java:1134)
at org.testng.TestNG.runSuites(TestNG.java:1063)
at org.testng.TestNG.run(TestNG.java:1031)
at org.testng.remote.AbstractRemoteTestNG.run(AbstractRemoteTestNG.java:115)
at org.testng.remote.RemoteTestNG.initAndRun(RemoteTestNG.java:251)
at org.testng.remote.RemoteTestNG.main(RemoteTestNG.java:77)
]]>
            </full-stacktrace>
          </exception> <!-- org.openqa.selenium.SessionNotCreatedException -->
          <reporter-output>
          </reporter-output>
        </test-method> <!-- setChromeProperty -->
        <test-method status="SKIP" signature="googleLogoTest()[pri:0, instance:com.TestNG_Basics.AssertClass_For_Validation@167fdd33]" name="googleLogoTest" duration-ms="0" started-at="2022-09-06T11:02:42 SGT" finished-at="2022-09-06T11:02:42 SGT">
          <exception class="org.openqa.selenium.SessionNotCreatedException">
            <message>
              <![CDATA[session not created: This version of ChromeDriver only supports Chrome version 101
Current browser version is 104.0.5112.102 with binary path C:\Program Files\Google\Chrome\Application\chrome.exe
Build info: version: '3.141.59', revision: 'e82be7d358', time: '2018-11-14T08:25:53'
System info: host: 'SG-L-7301093', ip: '127.0.0.1', os.name: 'Windows 10', os.arch: 'amd64', os.version: '10.0', java.version: '1.8.0_321'
Driver info: driver.version: ChromeDriver
remote stacktrace: Backtrace:
Ordinal0 [0x004EB8F3+2406643]
Ordinal0 [0x0047AF31+1945393]
Ordinal0 [0x0036C748+837448]
Ordinal0 [0x0038C8B3+968883]
Ordinal0 [0x003884BA+951482]
Ordinal0 [0x00385D71+941425]
Ordinal0 [0x003B8EE0+1150688]
Ordinal0 [0x003B8B3A+1149754]
Ordinal0 [0x003B4096+1130646]
Ordinal0 [0x0038E636+976438]
Ordinal0 [0x0038F546+980294]
GetHandleVerifier [0x00759612+2498066]
GetHandleVerifier [0x0074C920+2445600]
GetHandleVerifier [0x00584F2A+579370]
GetHandleVerifier [0x00583D36+574774]
Ordinal0 [0x00481C0B+1973259]
Ordinal0 [0x00486688+1992328]
Ordinal0 [0x00486775+1992565]
Ordinal0 [0x0048F8D1+2029777]
BaseThreadInitThunk [0x754FFA29+25]
RtlGetAppContainerNamedObjectPath [0x77447A9E+286]
RtlGetAppContainerNamedObjectPath [0x77447A6E+238]
]]>
            </message>
            <full-stacktrace>
              <![CDATA[org.openqa.selenium.SessionNotCreatedException: session not created: This version of ChromeDriver only supports Chrome version 101
Current browser version is 104.0.5112.102 with binary path C:\Program Files\Google\Chrome\Application\chrome.exe
Build info: version: '3.141.59', revision: 'e82be7d358', time: '2018-11-14T08:25:53'
System info: host: 'SG-L-7301093', ip: '127.0.0.1', os.name: 'Windows 10', os.arch: 'amd64', os.version: '10.0', java.version: '1.8.0_321'
Driver info: driver.version: ChromeDriver
remote stacktrace: Backtrace:
Ordinal0 [0x004EB8F3+2406643]
Ordinal0 [0x0047AF31+1945393]
Ordinal0 [0x0036C748+837448]
Ordinal0 [0x0038C8B3+968883]
Ordinal0 [0x003884BA+951482]
Ordinal0 [0x00385D71+941425]
Ordinal0 [0x003B8EE0+1150688]
Ordinal0 [0x003B8B3A+1149754]
Ordinal0 [0x003B4096+1130646]
Ordinal0 [0x0038E636+976438]
Ordinal0 [0x0038F546+980294]
GetHandleVerifier [0x00759612+2498066]
GetHandleVerifier [0x0074C920+2445600]
GetHandleVerifier [0x00584F2A+579370]
GetHandleVerifier [0x00583D36+574774]
Ordinal0 [0x00481C0B+1973259]
Ordinal0 [0x00486688+1992328]
Ordinal0 [0x00486775+1992565]
Ordinal0 [0x0048F8D1+2029777]
BaseThreadInitThunk [0x754FFA29+25]
RtlGetAppContainerNamedObjectPath [0x77447A9E+286]
RtlGetAppContainerNamedObjectPath [0x77447A6E+238]

at sun.reflect.NativeConstructorAccessorImpl.newInstance0(Native Method)
at sun.reflect.NativeConstructorAccessorImpl.newInstance(Unknown Source)
at sun.reflect.DelegatingConstructorAccessorImpl.newInstance(Unknown Source)
at java.lang.reflect.Constructor.newInstance(Unknown Source)
at org.openqa.selenium.remote.W3CHandshakeResponse.lambda$errorHandler$0(W3CHandshakeResponse.java:62)
at org.openqa.selenium.remote.HandshakeResponse.lambda$getResponseFunction$0(HandshakeResponse.java:30)
at org.openqa.selenium.remote.ProtocolHandshake.lambda$createSession$0(ProtocolHandshake.java:126)
at java.util.stream.ReferencePipeline$3$1.accept(Unknown Source)
at java.util.Spliterators$ArraySpliterator.tryAdvance(Unknown Source)
at java.util.stream.ReferencePipeline.forEachWithCancel(Unknown Source)
at java.util.stream.AbstractPipeline.copyIntoWithCancel(Unknown Source)
at java.util.stream.AbstractPipeline.copyInto(Unknown Source)
at java.util.stream.AbstractPipeline.wrapAndCopyInto(Unknown Source)
at java.util.stream.FindOps$FindOp.evaluateSequential(Unknown Source)
at java.util.stream.AbstractPipeline.evaluate(Unknown Source)
at java.util.stream.ReferencePipeline.findFirst(Unknown Source)
at org.openqa.selenium.remote.ProtocolHandshake.createSession(ProtocolHandshake.java:128)
at org.openqa.selenium.remote.ProtocolHandshake.createSession(ProtocolHandshake.java:74)
at org.openqa.selenium.remote.HttpCommandExecutor.execute(HttpCommandExecutor.java:136)
at org.openqa.selenium.remote.service.DriverCommandExecutor.execute(DriverCommandExecutor.java:83)
at org.openqa.selenium.remote.RemoteWebDriver.execute(RemoteWebDriver.java:552)
at org.openqa.selenium.remote.RemoteWebDriver.startSession(RemoteWebDriver.java:213)
at org.openqa.selenium.remote.RemoteWebDriver.<init>(RemoteWebDriver.java:131)
at org.openqa.selenium.chrome.ChromeDriver.<init>(ChromeDriver.java:181)
at org.openqa.selenium.chrome.ChromeDriver.<init>(ChromeDriver.java:168)
at org.openqa.selenium.chrome.ChromeDriver.<init>(ChromeDriver.java:123)
at com.TestNG_Basics.AssertClass_For_Validation.setChromeProperty(AssertClass_For_Validation.java:24)
at sun.reflect.NativeMethodAccessorImpl.invoke0(Native Method)
at sun.reflect.NativeMethodAccessorImpl.invoke(Unknown Source)
at sun.reflect.DelegatingMethodAccessorImpl.invoke(Unknown Source)
at java.lang.reflect.Method.invoke(Unknown Source)
at org.testng.internal.MethodInvocationHelper.invokeMethod(MethodInvocationHelper.java:133)
at org.testng.internal.MethodInvocationHelper.invokeMethodConsideringTimeout(MethodInvocationHelper.java:62)
at org.testng.internal.ConfigInvoker.invokeConfigurationMethod(ConfigInvoker.java:385)
at org.testng.internal.ConfigInvoker.invokeConfigurations(ConfigInvoker.java:321)
at org.testng.internal.TestInvoker.runConfigMethods(TestInvoker.java:700)
at org.testng.internal.TestInvoker.invokeMethod(TestInvoker.java:527)
at org.testng.internal.TestInvoker.invokeTestMethod(TestInvoker.java:173)
at org.testng.internal.MethodRunner.runInSequence(MethodRunner.java:46)
at org.testng.internal.TestInvoker$MethodInvocationAgent.invoke(TestInvoker.java:824)
at org.testng.internal.TestInvoker.invokeTestMethods(TestInvoker.java:146)
at org.testng.internal.TestMethodWorker.invokeTestMethods(TestMethodWorker.java:146)
at org.testng.internal.TestMethodWorker.run(TestMethodWorker.java:128)
at java.util.ArrayList.forEach(Unknown Source)
at org.testng.TestRunner.privateRun(TestRunner.java:794)
at org.testng.TestRunner.run(TestRunner.java:596)
at org.testng.SuiteRunner.runTest(SuiteRunner.java:377)
at org.testng.SuiteRunner.runSequentially(SuiteRunner.java:371)
at org.testng.SuiteRunner.privateRun(SuiteRunner.java:332)
at org.testng.SuiteRunner.run(SuiteRunner.java:276)
at org.testng.SuiteRunnerWorker.runSuite(SuiteRunnerWorker.java:53)
at org.testng.SuiteRunnerWorker.run(SuiteRunnerWorker.java:96)
at org.testng.TestNG.runSuitesSequentially(TestNG.java:1212)
at org.testng.TestNG.runSuitesLocally(TestNG.java:1134)
at org.testng.TestNG.runSuites(TestNG.java:1063)
at org.testng.TestNG.run(TestNG.java:1031)
at org.testng.remote.AbstractRemoteTestNG.run(AbstractRemoteTestNG.java:115)
at org.testng.remote.RemoteTestNG.initAndRun(RemoteTestNG.java:251)
at org.testng.remote.RemoteTestNG.main(RemoteTestNG.java:77)
]]>
            </full-stacktrace>
          </exception> <!-- org.openqa.selenium.SessionNotCreatedException -->
          <reporter-output>
          </reporter-output>
        </test-method> <!-- googleLogoTest -->
        <test-method status="SKIP" signature="closeChromeBrowser()[pri:0, instance:com.TestNG_Basics.AssertClass_For_Validation@167fdd33]" name="closeChromeBrowser" is-config="true" duration-ms="-1662433362382" started-at="2022-09-06T11:02:42 SGT" finished-at="1970-01-01T07:30:00 SGT">
          <reporter-output>
          </reporter-output>
        </test-method> <!-- closeChromeBrowser -->
        <test-method status="SKIP" signature="setChromeProperty()[pri:0, instance:com.TestNG_Basics.AssertClass_For_Validation@167fdd33]" name="setChromeProperty" is-config="true" duration-ms="-1662433362385" started-at="2022-09-06T11:02:42 SGT" finished-at="1970-01-01T07:30:00 SGT">
          <reporter-output>
          </reporter-output>
        </test-method> <!-- setChromeProperty -->
        <test-method status="SKIP" signature="googleTitleTest()[pri:0, instance:com.TestNG_Basics.AssertClass_For_Validation@167fdd33]" name="googleTitleTest" duration-ms="0" started-at="2022-09-06T11:02:42 SGT" finished-at="2022-09-06T11:02:42 SGT">
          <exception class="org.openqa.selenium.SessionNotCreatedException">
            <message>
              <![CDATA[session not created: This version of ChromeDriver only supports Chrome version 101
Current browser version is 104.0.5112.102 with binary path C:\Program Files\Google\Chrome\Application\chrome.exe
Build info: version: '3.141.59', revision: 'e82be7d358', time: '2018-11-14T08:25:53'
System info: host: 'SG-L-7301093', ip: '127.0.0.1', os.name: 'Windows 10', os.arch: 'amd64', os.version: '10.0', java.version: '1.8.0_321'
Driver info: driver.version: ChromeDriver
remote stacktrace: Backtrace:
Ordinal0 [0x004EB8F3+2406643]
Ordinal0 [0x0047AF31+1945393]
Ordinal0 [0x0036C748+837448]
Ordinal0 [0x0038C8B3+968883]
Ordinal0 [0x003884BA+951482]
Ordinal0 [0x00385D71+941425]
Ordinal0 [0x003B8EE0+1150688]
Ordinal0 [0x003B8B3A+1149754]
Ordinal0 [0x003B4096+1130646]
Ordinal0 [0x0038E636+976438]
Ordinal0 [0x0038F546+980294]
GetHandleVerifier [0x00759612+2498066]
GetHandleVerifier [0x0074C920+2445600]
GetHandleVerifier [0x00584F2A+579370]
GetHandleVerifier [0x00583D36+574774]
Ordinal0 [0x00481C0B+1973259]
Ordinal0 [0x00486688+1992328]
Ordinal0 [0x00486775+1992565]
Ordinal0 [0x0048F8D1+2029777]
BaseThreadInitThunk [0x754FFA29+25]
RtlGetAppContainerNamedObjectPath [0x77447A9E+286]
RtlGetAppContainerNamedObjectPath [0x77447A6E+238]
]]>
            </message>
            <full-stacktrace>
              <![CDATA[org.openqa.selenium.SessionNotCreatedException: session not created: This version of ChromeDriver only supports Chrome version 101
Current browser version is 104.0.5112.102 with binary path C:\Program Files\Google\Chrome\Application\chrome.exe
Build info: version: '3.141.59', revision: 'e82be7d358', time: '2018-11-14T08:25:53'
System info: host: 'SG-L-7301093', ip: '127.0.0.1', os.name: 'Windows 10', os.arch: 'amd64', os.version: '10.0', java.version: '1.8.0_321'
Driver info: driver.version: ChromeDriver
remote stacktrace: Backtrace:
Ordinal0 [0x004EB8F3+2406643]
Ordinal0 [0x0047AF31+1945393]
Ordinal0 [0x0036C748+837448]
Ordinal0 [0x0038C8B3+968883]
Ordinal0 [0x003884BA+951482]
Ordinal0 [0x00385D71+941425]
Ordinal0 [0x003B8EE0+1150688]
Ordinal0 [0x003B8B3A+1149754]
Ordinal0 [0x003B4096+1130646]
Ordinal0 [0x0038E636+976438]
Ordinal0 [0x0038F546+980294]
GetHandleVerifier [0x00759612+2498066]
GetHandleVerifier [0x0074C920+2445600]
GetHandleVerifier [0x00584F2A+579370]
GetHandleVerifier [0x00583D36+574774]
Ordinal0 [0x00481C0B+1973259]
Ordinal0 [0x00486688+1992328]
Ordinal0 [0x00486775+1992565]
Ordinal0 [0x0048F8D1+2029777]
BaseThreadInitThunk [0x754FFA29+25]
RtlGetAppContainerNamedObjectPath [0x77447A9E+286]
RtlGetAppContainerNamedObjectPath [0x77447A6E+238]

at sun.reflect.NativeConstructorAccessorImpl.newInstance0(Native Method)
at sun.reflect.NativeConstructorAccessorImpl.newInstance(Unknown Source)
at sun.reflect.DelegatingConstructorAccessorImpl.newInstance(Unknown Source)
at java.lang.reflect.Constructor.newInstance(Unknown Source)
at org.openqa.selenium.remote.W3CHandshakeResponse.lambda$errorHandler$0(W3CHandshakeResponse.java:62)
at org.openqa.selenium.remote.HandshakeResponse.lambda$getResponseFunction$0(HandshakeResponse.java:30)
at org.openqa.selenium.remote.ProtocolHandshake.lambda$createSession$0(ProtocolHandshake.java:126)
at java.util.stream.ReferencePipeline$3$1.accept(Unknown Source)
at java.util.Spliterators$ArraySpliterator.tryAdvance(Unknown Source)
at java.util.stream.ReferencePipeline.forEachWithCancel(Unknown Source)
at java.util.stream.AbstractPipeline.copyIntoWithCancel(Unknown Source)
at java.util.stream.AbstractPipeline.copyInto(Unknown Source)
at java.util.stream.AbstractPipeline.wrapAndCopyInto(Unknown Source)
at java.util.stream.FindOps$FindOp.evaluateSequential(Unknown Source)
at java.util.stream.AbstractPipeline.evaluate(Unknown Source)
at java.util.stream.ReferencePipeline.findFirst(Unknown Source)
at org.openqa.selenium.remote.ProtocolHandshake.createSession(ProtocolHandshake.java:128)
at org.openqa.selenium.remote.ProtocolHandshake.createSession(ProtocolHandshake.java:74)
at org.openqa.selenium.remote.HttpCommandExecutor.execute(HttpCommandExecutor.java:136)
at org.openqa.selenium.remote.service.DriverCommandExecutor.execute(DriverCommandExecutor.java:83)
at org.openqa.selenium.remote.RemoteWebDriver.execute(RemoteWebDriver.java:552)
at org.openqa.selenium.remote.RemoteWebDriver.startSession(RemoteWebDriver.java:213)
at org.openqa.selenium.remote.RemoteWebDriver.<init>(RemoteWebDriver.java:131)
at org.openqa.selenium.chrome.ChromeDriver.<init>(ChromeDriver.java:181)
at org.openqa.selenium.chrome.ChromeDriver.<init>(ChromeDriver.java:168)
at org.openqa.selenium.chrome.ChromeDriver.<init>(ChromeDriver.java:123)
at com.TestNG_Basics.AssertClass_For_Validation.setChromeProperty(AssertClass_For_Validation.java:24)
at sun.reflect.NativeMethodAccessorImpl.invoke0(Native Method)
at sun.reflect.NativeMethodAccessorImpl.invoke(Unknown Source)
at sun.reflect.DelegatingMethodAccessorImpl.invoke(Unknown Source)
at java.lang.reflect.Method.invoke(Unknown Source)
at org.testng.internal.MethodInvocationHelper.invokeMethod(MethodInvocationHelper.java:133)
at org.testng.internal.MethodInvocationHelper.invokeMethodConsideringTimeout(MethodInvocationHelper.java:62)
at org.testng.internal.ConfigInvoker.invokeConfigurationMethod(ConfigInvoker.java:385)
at org.testng.internal.ConfigInvoker.invokeConfigurations(ConfigInvoker.java:321)
at org.testng.internal.TestInvoker.runConfigMethods(TestInvoker.java:700)
at org.testng.internal.TestInvoker.invokeMethod(TestInvoker.java:527)
at org.testng.internal.TestInvoker.invokeTestMethod(TestInvoker.java:173)
at org.testng.internal.MethodRunner.runInSequence(MethodRunner.java:46)
at org.testng.internal.TestInvoker$MethodInvocationAgent.invoke(TestInvoker.java:824)
at org.testng.internal.TestInvoker.invokeTestMethods(TestInvoker.java:146)
at org.testng.internal.TestMethodWorker.invokeTestMethods(TestMethodWorker.java:146)
at org.testng.internal.TestMethodWorker.run(TestMethodWorker.java:128)
at java.util.ArrayList.forEach(Unknown Source)
at org.testng.TestRunner.privateRun(TestRunner.java:794)
at org.testng.TestRunner.run(TestRunner.java:596)
at org.testng.SuiteRunner.runTest(SuiteRunner.java:377)
at org.testng.SuiteRunner.runSequentially(SuiteRunner.java:371)
at org.testng.SuiteRunner.privateRun(SuiteRunner.java:332)
at org.testng.SuiteRunner.run(SuiteRunner.java:276)
at org.testng.SuiteRunnerWorker.runSuite(SuiteRunnerWorker.java:53)
at org.testng.SuiteRunnerWorker.run(SuiteRunnerWorker.java:96)
at org.testng.TestNG.runSuitesSequentially(TestNG.java:1212)
at org.testng.TestNG.runSuitesLocally(TestNG.java:1134)
at org.testng.TestNG.runSuites(TestNG.java:1063)
at org.testng.TestNG.run(TestNG.java:1031)
at org.testng.remote.AbstractRemoteTestNG.run(AbstractRemoteTestNG.java:115)
at org.testng.remote.RemoteTestNG.initAndRun(RemoteTestNG.java:251)
at org.testng.remote.RemoteTestNG.main(RemoteTestNG.java:77)
]]>
            </full-stacktrace>
          </exception> <!-- org.openqa.selenium.SessionNotCreatedException -->
          <reporter-output>
          </reporter-output>
        </test-method> <!-- googleTitleTest -->
        <test-method status="SKIP" signature="closeChromeBrowser()[pri:0, instance:com.TestNG_Basics.AssertClass_For_Validation@167fdd33]" name="closeChromeBrowser" is-config="true" duration-ms="-1662433362389" started-at="2022-09-06T11:02:42 SGT" finished-at="1970-01-01T07:30:00 SGT">
          <reporter-output>
          </reporter-output>
        </test-method> <!-- closeChromeBrowser -->
      </class> <!-- com.TestNG_Basics.AssertClass_For_Validation -->
    </test> <!-- Default test -->
  </suite> <!-- Default suite -->
</testng-results>
